<?xml version="1.0" encoding="UTF-8"?>
<!-- Generated by org.testng.reporters.JUnitXMLReporter -->
<testsuite ignored="1" hostname="Kavitha" failures="0" tests="1" name="Default test" time="34.214" errors="0" timestamp="2025-03-29T20:52:56 IST">
  <testcase classname="CampaignTest.CreateCampaignWithMandatoryFieldsTest" name="createCampaignTest" time="17.373"/>
  <testcase classname="CampaignTest.CreateCampaignWithMandatoryFieldsTest" name="createCampaignWithDateTest" time="0.0">
    <ignored/>
  </testcase> <!-- createCampaignWithDateTest -->
</testsuite> <!-- Default test -->
