<?xml version="1.0" encoding="UTF-8"?>
<testng-results ignored="0" total="5" passed="5" failed="0" skipped="0">
  <reporter-output>
    <line>
      <![CDATA[contact Smith_2017 added successfully]]>
    </line>
    <line>
      <![CDATA[Product Laptop5956 added successfully]]>
    </line>
    <line>
      <![CDATA[Validation is passed]]>
    </line>
    <line>
      <![CDATA[campaign Banner118262 added successfully]]>
    </line>
    <line>
      <![CDATA[campaign Banner114108 added successfully]]>
    </line>
  </reporter-output>
  <suite started-at="2025-03-29T20:59:59 IST" name="Suite" finished-at="2025-03-29T21:02:51 IST" duration-ms="172014">
    <groups>
    </groups>
    <test started-at="2025-03-29T20:59:59 IST" name="Test" finished-at="2025-03-29T21:02:51 IST" duration-ms="172014">
      <class name="CampaignTest.CreateCampaignWithMandatoryFieldsTest">
        <test-method is-config="true" signature="beforeClass()[pri:0, instance:CampaignTest.CreateCampaignWithMandatoryFieldsTest@31ea9581]" started-at="2025-03-29T21:01:52 IST" name="beforeClass" finished-at="2025-03-29T21:01:59 IST" duration-ms="7776" status="PASS">
          <reporter-output>
          </reporter-output>
        </test-method> <!-- beforeClass -->
        <test-method is-config="true" signature="beforeMethod()[pri:0, instance:CampaignTest.CreateCampaignWithMandatoryFieldsTest@31ea9581]" started-at="2025-03-29T21:01:59 IST" name="beforeMethod" finished-at="2025-03-29T21:02:04 IST" duration-ms="4573" status="PASS">
          <reporter-output>
          </reporter-output>
        </test-method> <!-- beforeMethod -->
        <test-method signature="createCampaignTest()[pri:0, instance:CampaignTest.CreateCampaignWithMandatoryFieldsTest@31ea9581]" started-at="2025-03-29T21:02:04 IST" name="createCampaignTest" finished-at="2025-03-29T21:02:20 IST" duration-ms="16274" status="PASS">
          <reporter-output>
            <line>
              <![CDATA[campaign Banner118262 added successfully]]>
            </line>
          </reporter-output>
        </test-method> <!-- createCampaignTest -->
        <test-method is-config="true" signature="afterMethod()[pri:0, instance:CampaignTest.CreateCampaignWithMandatoryFieldsTest@31ea9581]" started-at="2025-03-29T21:02:20 IST" name="afterMethod" finished-at="2025-03-29T21:02:23 IST" duration-ms="2288" status="PASS">
          <reporter-output>
          </reporter-output>
        </test-method> <!-- afterMethod -->
        <test-method is-config="true" signature="beforeMethod()[pri:0, instance:CampaignTest.CreateCampaignWithMandatoryFieldsTest@31ea9581]" started-at="2025-03-29T21:02:23 IST" name="beforeMethod" finished-at="2025-03-29T21:02:26 IST" duration-ms="3119" status="PASS">
          <reporter-output>
          </reporter-output>
        </test-method> <!-- beforeMethod -->
        <test-method signature="createCampaignWithDateTest()[pri:0, instance:CampaignTest.CreateCampaignWithMandatoryFieldsTest@31ea9581]" started-at="2025-03-29T21:02:26 IST" name="createCampaignWithDateTest" finished-at="2025-03-29T21:02:45 IST" duration-ms="19068" status="PASS">
          <reporter-output>
            <line>
              <![CDATA[campaign Banner114108 added successfully]]>
            </line>
          </reporter-output>
        </test-method> <!-- createCampaignWithDateTest -->
        <test-method is-config="true" signature="afterMethod()[pri:0, instance:CampaignTest.CreateCampaignWithMandatoryFieldsTest@31ea9581]" started-at="2025-03-29T21:02:45 IST" name="afterMethod" finished-at="2025-03-29T21:02:47 IST" duration-ms="2252" status="PASS">
          <reporter-output>
          </reporter-output>
        </test-method> <!-- afterMethod -->
        <test-method is-config="true" signature="afterClass()[pri:0, instance:CampaignTest.CreateCampaignWithMandatoryFieldsTest@31ea9581]" started-at="2025-03-29T21:02:47 IST" name="afterClass" finished-at="2025-03-29T21:02:51 IST" duration-ms="3998" status="PASS">
          <reporter-output>
          </reporter-output>
        </test-method> <!-- afterClass -->
      </class> <!-- CampaignTest.CreateCampaignWithMandatoryFieldsTest -->
      <class name="Login.LoginTest">
        <test-method is-config="true" signature="beforeClass()[pri:0, instance:Login.LoginTest@6440112d]" started-at="2025-03-29T21:01:30 IST" name="beforeClass" finished-at="2025-03-29T21:01:38 IST" duration-ms="7660" status="PASS">
          <reporter-output>
          </reporter-output>
        </test-method> <!-- beforeClass -->
        <test-method is-config="true" signature="beforeMethod()[pri:0, instance:Login.LoginTest@6440112d]" started-at="2025-03-29T21:01:38 IST" name="beforeMethod" finished-at="2025-03-29T21:01:42 IST" duration-ms="3790" status="PASS">
          <reporter-output>
          </reporter-output>
        </test-method> <!-- beforeMethod -->
        <test-method signature="createLoginTest()[pri:0, instance:Login.LoginTest@6440112d]" started-at="2025-03-29T21:01:42 IST" name="createLoginTest" finished-at="2025-03-29T21:01:46 IST" duration-ms="4396" status="PASS">
          <reporter-output>
            <line>
              <![CDATA[Validation is passed]]>
            </line>
          </reporter-output>
        </test-method> <!-- createLoginTest -->
        <test-method is-config="true" signature="afterMethod()[pri:0, instance:Login.LoginTest@6440112d]" started-at="2025-03-29T21:01:46 IST" name="afterMethod" finished-at="2025-03-29T21:01:48 IST" duration-ms="2254" status="PASS">
          <reporter-output>
          </reporter-output>
        </test-method> <!-- afterMethod -->
        <test-method is-config="true" signature="afterClass()[pri:0, instance:Login.LoginTest@6440112d]" started-at="2025-03-29T21:01:48 IST" name="afterClass" finished-at="2025-03-29T21:01:52 IST" duration-ms="3357" status="PASS">
          <reporter-output>
          </reporter-output>
        </test-method> <!-- afterClass -->
      </class> <!-- Login.LoginTest -->
      <class name="Products.Create_AddProductsTest">
        <test-method is-config="true" signature="beforeClass()[pri:0, instance:Products.Create_AddProductsTest@5890e879]" started-at="2025-03-29T21:00:54 IST" name="beforeClass" finished-at="2025-03-29T21:01:03 IST" duration-ms="8860" status="PASS">
          <reporter-output>
          </reporter-output>
        </test-method> <!-- beforeClass -->
        <test-method is-config="true" signature="beforeMethod()[pri:0, instance:Products.Create_AddProductsTest@5890e879]" started-at="2025-03-29T21:01:03 IST" name="beforeMethod" finished-at="2025-03-29T21:01:07 IST" duration-ms="4350" status="PASS">
          <reporter-output>
          </reporter-output>
        </test-method> <!-- beforeMethod -->
        <test-method signature="createProductTest()[pri:0, instance:Products.Create_AddProductsTest@5890e879]" started-at="2025-03-29T21:01:07 IST" name="createProductTest" finished-at="2025-03-29T21:01:24 IST" duration-ms="16786" status="PASS">
          <reporter-output>
            <line>
              <![CDATA[Product Laptop5956 added successfully]]>
            </line>
          </reporter-output>
        </test-method> <!-- createProductTest -->
        <test-method is-config="true" signature="afterMethod()[pri:0, instance:Products.Create_AddProductsTest@5890e879]" started-at="2025-03-29T21:01:24 IST" name="afterMethod" finished-at="2025-03-29T21:01:26 IST" duration-ms="2299" status="PASS">
          <reporter-output>
          </reporter-output>
        </test-method> <!-- afterMethod -->
        <test-method is-config="true" signature="afterClass()[pri:0, instance:Products.Create_AddProductsTest@5890e879]" started-at="2025-03-29T21:01:26 IST" name="afterClass" finished-at="2025-03-29T21:01:30 IST" duration-ms="3957" status="PASS">
          <reporter-output>
          </reporter-output>
        </test-method> <!-- afterClass -->
      </class> <!-- Products.Create_AddProductsTest -->
      <class name="Contacts.CreateContactsTest">
        <test-method is-config="true" signature="beforeSuite()[pri:0, instance:Contacts.CreateContactsTest@1750fbeb]" started-at="2025-03-29T20:59:58 IST" name="beforeSuite" finished-at="2025-03-29T20:59:59 IST" duration-ms="1177" status="PASS">
          <reporter-output>
          </reporter-output>
        </test-method> <!-- beforeSuite -->
        <test-method is-config="true" signature="beforeTest()[pri:0, instance:Contacts.CreateContactsTest@1750fbeb]" started-at="2025-03-29T20:59:59 IST" name="beforeTest" finished-at="2025-03-29T20:59:59 IST" duration-ms="0" status="PASS">
          <reporter-output>
          </reporter-output>
        </test-method> <!-- beforeTest -->
        <test-method is-config="true" signature="beforeClass()[pri:0, instance:Contacts.CreateContactsTest@1750fbeb]" started-at="2025-03-29T20:59:59 IST" name="beforeClass" finished-at="2025-03-29T21:00:08 IST" duration-ms="9272" status="PASS">
          <reporter-output>
          </reporter-output>
        </test-method> <!-- beforeClass -->
        <test-method is-config="true" signature="beforeMethod()[pri:0, instance:Contacts.CreateContactsTest@1750fbeb]" started-at="2025-03-29T21:00:08 IST" name="beforeMethod" finished-at="2025-03-29T21:00:13 IST" duration-ms="5064" status="PASS">
          <reporter-output>
          </reporter-output>
        </test-method> <!-- beforeMethod -->
        <test-method signature="createContactWithCampaignTest()[pri:0, instance:Contacts.CreateContactsTest@1750fbeb]" started-at="2025-03-29T21:00:13 IST" name="createContactWithCampaignTest" finished-at="2025-03-29T21:00:48 IST" duration-ms="34230" status="PASS">
          <reporter-output>
            <line>
              <![CDATA[contact Smith_2017 added successfully]]>
            </line>
          </reporter-output>
        </test-method> <!-- createContactWithCampaignTest -->
        <test-method is-config="true" signature="afterMethod()[pri:0, instance:Contacts.CreateContactsTest@1750fbeb]" started-at="2025-03-29T21:00:48 IST" name="afterMethod" finished-at="2025-03-29T21:00:50 IST" duration-ms="2279" status="PASS">
          <reporter-output>
          </reporter-output>
        </test-method> <!-- afterMethod -->
        <test-method is-config="true" signature="afterClass()[pri:0, instance:Contacts.CreateContactsTest@1750fbeb]" started-at="2025-03-29T21:00:50 IST" name="afterClass" finished-at="2025-03-29T21:00:54 IST" duration-ms="3945" status="PASS">
          <reporter-output>
          </reporter-output>
        </test-method> <!-- afterClass -->
        <test-method is-config="true" signature="afterTest()[pri:0, instance:Contacts.CreateContactsTest@1750fbeb]" started-at="2025-03-29T21:02:51 IST" name="afterTest" finished-at="2025-03-29T21:02:51 IST" duration-ms="2" status="PASS">
          <reporter-output>
          </reporter-output>
        </test-method> <!-- afterTest -->
        <test-method is-config="true" signature="afterSuite()[pri:0, instance:Contacts.CreateContactsTest@1750fbeb]" started-at="2025-03-29T21:02:53 IST" name="afterSuite" finished-at="2025-03-29T21:02:53 IST" duration-ms="28" status="PASS">
          <reporter-output>
          </reporter-output>
        </test-method> <!-- afterSuite -->
      </class> <!-- Contacts.CreateContactsTest -->
    </test> <!-- Test -->
  </suite> <!-- Suite -->
</testng-results>
