<?xml version="1.0" encoding="UTF-8"?>
<testng-results ignored="0" total="1" passed="1" failed="0" skipped="0">
  <reporter-output>
    <line>
      <![CDATA[Product Laptop8113 added successfully]]>
    </line>
  </reporter-output>
  <suite started-at="2025-04-04T20:35:41 IST" name="Default suite" finished-at="2025-04-04T20:36:11 IST" duration-ms="30319">
    <groups>
    </groups>
    <test started-at="2025-04-04T20:35:41 IST" name="Default test" finished-at="2025-04-04T20:36:11 IST" duration-ms="30319">
      <class name="Products.Create_AddProductsTest">
        <test-method is-config="true" signature="beforeSuite()[pri:0, instance:Products.Create_AddProductsTest@2767e23c]" started-at="2025-04-04T20:35:40 IST" name="beforeSuite" finished-at="2025-04-04T20:35:41 IST" duration-ms="477" status="PASS">
          <reporter-output>
          </reporter-output>
        </test-method> <!-- beforeSuite -->
        <test-method is-config="true" signature="beforeTest()[pri:0, instance:Products.Create_AddProductsTest@2767e23c]" started-at="2025-04-04T20:35:41 IST" name="beforeTest" finished-at="2025-04-04T20:35:41 IST" duration-ms="2" status="PASS">
          <reporter-output>
          </reporter-output>
        </test-method> <!-- beforeTest -->
        <test-method is-config="true" signature="beforeClass()[pri:0, instance:Products.Create_AddProductsTest@2767e23c]" started-at="2025-04-04T20:35:41 IST" name="beforeClass" finished-at="2025-04-04T20:35:45 IST" duration-ms="4040" status="PASS">
          <reporter-output>
          </reporter-output>
        </test-method> <!-- beforeClass -->
        <test-method is-config="true" signature="beforeMethod()[pri:0, instance:Products.Create_AddProductsTest@2767e23c]" started-at="2025-04-04T20:35:45 IST" name="beforeMethod" finished-at="2025-04-04T20:35:49 IST" duration-ms="4175" status="PASS">
          <reporter-output>
          </reporter-output>
        </test-method> <!-- beforeMethod -->
        <test-method signature="addProductTest()[pri:0, instance:Products.Create_AddProductsTest@2767e23c]" started-at="2025-04-04T20:35:49 IST" name="addProductTest" finished-at="2025-04-04T20:36:06 IST" duration-ms="16811" status="PASS">
          <reporter-output>
            <line>
              <![CDATA[Product Laptop8113 added successfully]]>
            </line>
          </reporter-output>
        </test-method> <!-- addProductTest -->
        <test-method is-config="true" signature="afterMethod()[pri:0, instance:Products.Create_AddProductsTest@2767e23c]" started-at="2025-04-04T20:36:06 IST" name="afterMethod" finished-at="2025-04-04T20:36:08 IST" duration-ms="2270" status="PASS">
          <reporter-output>
          </reporter-output>
        </test-method> <!-- afterMethod -->
        <test-method is-config="true" signature="afterClass()[pri:0, instance:Products.Create_AddProductsTest@2767e23c]" started-at="2025-04-04T20:36:08 IST" name="afterClass" finished-at="2025-04-04T20:36:11 IST" duration-ms="2963" status="PASS">
          <reporter-output>
          </reporter-output>
        </test-method> <!-- afterClass -->
        <test-method is-config="true" signature="afterTest()[pri:0, instance:Products.Create_AddProductsTest@2767e23c]" started-at="2025-04-04T20:36:11 IST" name="afterTest" finished-at="2025-04-04T20:36:11 IST" duration-ms="1" status="PASS">
          <reporter-output>
          </reporter-output>
        </test-method> <!-- afterTest -->
        <test-method is-config="true" signature="afterSuite()[pri:0, instance:Products.Create_AddProductsTest@2767e23c]" started-at="2025-04-04T20:36:11 IST" name="afterSuite" finished-at="2025-04-04T20:36:11 IST" duration-ms="5" status="PASS">
          <reporter-output>
          </reporter-output>
        </test-method> <!-- afterSuite -->
      </class> <!-- Products.Create_AddProductsTest -->
    </test> <!-- Default test -->
  </suite> <!-- Default suite -->
</testng-results>
