<?xml version="1.0" encoding="UTF-8"?>
<!-- Generated by org.testng.reporters.JUnitXMLReporter -->
<testsuite ignored="0" hostname="Kavitha" failures="0" tests="3" name="Test2" time="107.275" errors="0" timestamp="2025-03-21T19:36:28 IST">
  <testcase classname="Login.LoginTest" name="createLoginTest" time="33.069"/>
  <testcase classname="CampaignTest.CreateCampaignWithMandatoryFieldsTest" name="createCampaignTest" time="44.301"/>
  <testcase classname="CampaignTest.CreateCampaignWithMandatoryFieldsTest" name="createCampaignWithDate" time="29.79"/>
</testsuite> <!-- Test2 -->
