<?xml version="1.0" encoding="UTF-8"?>
<!-- Generated by org.testng.reporters.JUnitXMLReporter -->
<testsuite ignored="0" hostname="Kavitha" failures="0" tests="5" name="Test_firefox" time="186.72" errors="0" timestamp="2025-03-21T20:36:00 IST">
  <testcase classname="Contacts.CreateContactsTest" name="createContactWithCampaignTest" time="49.262"/>
  <testcase classname="Products.Create_AddProductsTest" name="createProductTest" time="33.276"/>
  <testcase classname="Login.LoginTest" name="createLoginTest" time="19.435"/>
  <testcase classname="CampaignTest.CreateCampaignWithMandatoryFieldsTest" name="createCampaignTest" time="43.403"/>
  <testcase classname="CampaignTest.CreateCampaignWithMandatoryFieldsTest" name="createCampaignWithDate" time="41.211"/>
</testsuite> <!-- Test_firefox -->
