<?xml version="1.0" encoding="UTF-8"?>
<!-- Generated by org.testng.reporters.JUnitXMLReporter -->
<testsuite ignored="0" hostname="Kavitha" failures="0" tests="5" name="Test_chrome" time="172.247" errors="0" timestamp="2025-03-21T20:35:46 IST">
  <testcase classname="Contacts.CreateContactsTest" name="createContactWithCampaignTest" time="56.605"/>
  <testcase classname="Products.Create_AddProductsTest" name="createProductTest" time="30.564"/>
  <testcase classname="Login.LoginTest" name="createLoginTest" time="17.407"/>
  <testcase classname="CampaignTest.CreateCampaignWithMandatoryFieldsTest" name="createCampaignTest" time="38.165"/>
  <testcase classname="CampaignTest.CreateCampaignWithMandatoryFieldsTest" name="createCampaignWithDate" time="29.379"/>
</testsuite> <!-- Test_chrome -->
